<?xml version="1.0" encoding="UTF-8"?>
<testsuite xmlns:xsi="http://www.w3.org/2001/XMLSchema-instance" xsi:noNamespaceSchemaLocation="https://maven.apache.org/surefire/maven-surefire-plugin/xsd/surefire-test-report-3.0.xsd" version="3.0" name="com.remigiusz.basicfractions.model.FractionsTests" time="0.213" tests="30" errors="0" skipped="0" failures="0">
  <properties>
[...]
</properties>
  <testcase name="testEmptyValue(String)[1]" classname="com.remigiusz.basicfractions.model.FractionsTests" time="0.055"/>
  <testcase name="testFractionDivision(String, String)[1]" classname="com.remigiusz.basicfractions.model.FractionsTests" time="0.004"/>
  <testcase name="testFractionDivision(String, String)[2]" classname="com.remigiusz.basicfractions.model.FractionsTests" time="0.001"/>
  <testcase name="testFractionDivision(String, String)[3]" classname="com.remigiusz.basicfractions.model.FractionsTests" time="0.001"/>
  <testcase name="testFractionDivision(String, String)[4]" classname="com.remigiusz.basicfractions.model.FractionsTests" time="0.001"/>
  <testcase name="testFractionDivision(String, String)[5]" classname="com.remigiusz.basicfractions.model.FractionsTests" time="0.001"/>
  <testcase name="testInvalidDivisionByZero(String, String)[1]" classname="com.remigiusz.basicfractions.model.FractionsTests" time="0.001"/>
  <testcase name="testInvalidDivisionByZero(String, String)[2]" classname="com.remigiusz.basicfractions.model.FractionsTests" time="0.001"/>
  <testcase name="testFractionSubtraction(String, String)[1]" classname="com.remigiusz.basicfractions.model.FractionsTests" time="0"/>
  <testcase name="testFractionSubtraction(String, String)[2]" classname="com.remigiusz.basicfractions.model.FractionsTests" time="0"/>
  <testcase name="testFractionSubtraction(String, String)[3]" classname="com.remigiusz.basicfractions.model.FractionsTests" time="0.001"/>
  <testcase name="testFractionSubtraction(String, String)[4]" classname="com.remigiusz.basicfractions.model.FractionsTests" time="0.002"/>
  <testcase name="testFractionSubtraction(String, String)[5]" classname="com.remigiusz.basicfractions.model.FractionsTests" time="0"/>
  <testcase name="testFractionMultiplication(String, String)[1]" classname="com.remigiusz.basicfractions.model.FractionsTests" time="0.003"/>
  <testcase name="testFractionMultiplication(String, String)[2]" classname="com.remigiusz.basicfractions.model.FractionsTests" time="0.001"/>
  <testcase name="testFractionMultiplication(String, String)[3]" classname="com.remigiusz.basicfractions.model.FractionsTests" time="0"/>
  <testcase name="testFractionMultiplication(String, String)[4]" classname="com.remigiusz.basicfractions.model.FractionsTests" time="0.001"/>
  <testcase name="testFractionMultiplication(String, String)[5]" classname="com.remigiusz.basicfractions.model.FractionsTests" time="0.001"/>
  <testcase name="testFractionAddition(String, String)[1]" classname="com.remigiusz.basicfractions.model.FractionsTests" time="0.003"/>
  <testcase name="testFractionAddition(String, String)[2]" classname="com.remigiusz.basicfractions.model.FractionsTests" time="0.001"/>
  <testcase name="testFractionAddition(String, String)[3]" classname="com.remigiusz.basicfractions.model.FractionsTests" time="0"/>
  <testcase name="testFractionAddition(String, String)[4]" classname="com.remigiusz.basicfractions.model.FractionsTests" time="0"/>
  <testcase name="testFractionAddition(String, String)[5]" classname="com.remigiusz.basicfractions.model.FractionsTests" time="0.001"/>
  <testcase name="testInvalidValueException(String)[1]" classname="com.remigiusz.basicfractions.model.FractionsTests" time="0.001"/>
  <testcase name="testInvalidValueException(String)[2]" classname="com.remigiusz.basicfractions.model.FractionsTests" time="0.001"/>
  <testcase name="testInvalidValueException(String)[3]" classname="com.remigiusz.basicfractions.model.FractionsTests" time="0.001"/>
  <testcase name="testInvalidValueException(String)[4]" classname="com.remigiusz.basicfractions.model.FractionsTests" time="0"/>
  <testcase name="testInvalidValueException(String)[5]" classname="com.remigiusz.basicfractions.model.FractionsTests" time="0"/>
  <testcase name="testInvalidValueException(String)[6]" classname="com.remigiusz.basicfractions.model.FractionsTests" time="0"/>
  <testcase name="testNullValue(String)[1]" classname="com.remigiusz.basicfractions.model.FractionsTests" time="0.001"/>
</testsuite>